[10:45:49][Error] - A megadott oldal nem található!
[10:48:57][Error] - A megadott oldal nem található!
[10:50:01][Error] - A megadott oldal nem található!
[10:50:57][Error] - A megadott oldal nem található!
[11:17:19][Error] - A keresett flag (RESULT) nem található a template-ben!
[11:17:28][Error] - A keresett flag (ALLRECEPT) nem található a template-ben!
[12:59:51][Error] - A keresett flag (RECEPTID) nem található a template-ben!
[13:05:27][Error] - A megadott oldal nem található!
[13:07:50][Error] - A megadott oldal nem található!
[13:08:51][Error] - A megadott oldal nem található!
[13:12:05][Error] - A megadott oldal nem található!
[13:12:22][Error] - A megadott oldal nem található!
[13:14:29][Error] - A keresett flag (CONTENT) nem található a template-ben!
[13:15:01][Error] - A keresett flag (CONTENT) nem található a template-ben!
[13:15:02][Error] - A keresett flag (CONTENT) nem található a template-ben!
[13:15:06][Error] - A keresett flag (CONTENT) nem található a template-ben!
[13:17:10][Error] - A megadott oldal nem található!
[13:17:39][Error] - A megadott oldal nem található!
[13:23:55][Error] - A megadott oldal nem található!
[13:24:26][Error] - A megadott oldal nem található!
[13:25:12][Error] - A megadott oldal nem található!
[13:25:46][Error] - A megadott oldal nem található!
[13:26:27][Error] - A megadott oldal nem található!
[13:31:33][Error] - A megadott oldal nem található!
