[07:40:49][Error] - A megadott oldal nem található!
[07:55:41][Error] - A megadott oldal elérése tiltott!
[08:06:05][Error] - A megadott oldal eléréséhez magasabb felhasználói szint szükséges!
[08:09:17][Error] - A megadott oldal eléréséhez magasabb felhasználói szint szükséges!
[08:09:31][Error] - A megadott oldal eléréséhez magasabb felhasználói szint szükséges!
[08:26:15][Error] - A megadott oldal elérése tiltott!
[08:28:19][Error] - A megadott oldal eléréséhez magasabb felhasználói szint szükséges!
[08:36:22][Error] - A megadott modul nem található!
[08:36:22][Error] - A keresett flag (CONTENT) nem található a template-ben!
[08:36:33][Error] - A megadott modul nem található!
[08:36:33][Error] - A megadott modul nem található!
[08:36:33][Error] - A megadott modul nem található!
[08:36:33][Error] - A keresett flag (CONTENT) nem található a template-ben!
[08:40:30][Error] - A megadott oldal nem található!
[08:48:33][Error] - A megadott oldal eléréséhez magasabb felhasználói szint szükséges!
[09:02:29][Error] - A megadott oldal nem található!
[09:12:33][Error] - Az SQL parancs futtatása sikertelen!
[09:12:33][Error] - Az SQL parancs futtatása sikertelen!
[09:12:33][Error] - Az SQL parancs futtatása sikertelen!
[09:14:05][Error] - A  megadott flag (body) nem található az adatbázisban!
[09:16:46][Error] - A  megadott flag (navigation) nem található az adatbázisban!
[09:18:37][Error] - A  megadott flag (account) nem található az adatbázisban!
[09:38:29][Error] - A megadott oldal eléréséhez magasabb felhasználói szint szükséges!
[09:39:19][Error] - A megadott oldal eléréséhez magasabb felhasználói szint szükséges!
[09:41:03][Error] - A megadott oldal eléréséhez magasabb felhasználói szint szükséges!
[09:41:28][Error] - A megadott oldal eléréséhez magasabb felhasználói szint szükséges!
[09:42:25][Error] - A megadott oldal eléréséhez magasabb felhasználói szint szükséges!
[09:48:33][Error] - A megadott oldal eléréséhez magasabb felhasználói szint szükséges!
[09:55:33][Error] - A megadott oldal eléréséhez magasabb felhasználói szint szükséges!
[09:55:41][Error] - A megadott oldal eléréséhez magasabb felhasználói szint szükséges!
[10:11:26][Error] - A megadott oldal eléréséhez magasabb felhasználói szint szükséges!
[10:11:40][Error] - A megadott oldal eléréséhez magasabb felhasználói szint szükséges!
[10:11:51][Error] - A megadott oldal eléréséhez magasabb felhasználói szint szükséges!
[10:13:11][Error] - A megadott oldal eléréséhez be kell jelentkezned!
[10:13:21][Error] - A megadott oldal eléréséhez magasabb felhasználói szint szükséges!
[10:13:30][Error] - A megadott oldal eléréséhez be kell jelentkezned!
[10:15:28][Error] - A megadott oldal eléréséhez be kell jelentkezned!
[10:15:40][Error] - A megadott oldal eléréséhez be kell jelentkezned!
[10:15:58][Error] - A megadott oldal eléréséhez be kell jelentkezned!
[10:16:15][Error] - A megadott oldal eléréséhez magasabb felhasználói szint szükséges!
[10:18:12][Error] - A megadott oldal nem található!
[10:30:55][Error] - A megadott modul, vagy összességében modul, nem található!
[10:31:19][Error] - A megadott modul, vagy összességében modul, nem található!
[10:32:01][Error] - A megadott modul, vagy összességében modul, nem található!
