
[2024-12-16][08:44:15] - Lángos
[2024-12-16][09:45:28] - csokis
[2024-12-16][09:46:02] - csokis
[2024-12-16][09:47:29] - csokis
[2024-12-16][09:47:33] - csokis
[2024-12-16][09:47:33] - Csokis
[2024-12-16][09:47:37] - Csokis
[2024-12-16][09:47:37] - muffin
[2024-12-16][09:48:12] - Csokis muffin
[2024-12-16][09:48:21] - Csokis muffin
[2024-12-16][09:48:21] - Vegán lasagne
[2024-12-16][09:48:30] - Vegán lasagne
[2024-12-16][09:48:30] - Teszt recept
[2024-12-16][09:53:13] - csokis
[2024-12-16][09:53:18] - csokis
[2024-12-16][09:53:18] - töltött
[2024-12-16][09:53:24] - rizot
[2024-12-16][09:56:27] - teszt
[2024-12-16][10:25:35] - krém
[2024-12-16][10:30:17] - banán
[2024-12-16][10:30:56] - paprika
[2024-12-16][10:42:55] - banán
[2024-12-16][10:46:10] - teszt
[2024-12-16][19:23:43] - mákos
[2024-12-16][19:24:37] - mákos
[2024-12-16][19:24:37] - pala
[2024-12-16][19:24:42] - pala
[2024-12-16][19:40:18] - vegán
[2024-12-17][15:02:31] - leves
[2024-12-17][19:43:15] - guba
[2024-12-17][19:43:28] - guba
[2024-12-17][19:55:41] - mákos
[2024-12-17][19:56:35] - mákos
[2024-12-18][08:29:27] - mákos
[2024-12-18][08:31:03] - toltott
[2024-12-18][08:35:52] - mákos
[2024-12-18][08:49:28] - suto
[2024-12-18][08:49:31] - suto
[2024-12-18][08:49:31] - mákos
[2024-12-18][08:49:34] - mákos
[2024-12-18][08:53:06] - mákos
[2024-12-18][08:53:38] - ban
[2024-12-18][08:53:42] - ba
[2024-12-18][09:03:48] - turo
[2024-12-18][09:04:04] - mákos
[2024-12-18][18:47:40] - gomba
[2024-12-20][13:28:42] - gomba
[2024-12-20][13:28:49] - mákos
[2024-12-23][10:13:01] - mézes
[2024-12-23][10:13:34] - mézes
[2024-12-23][16:08:52] - mákos
[2024-12-23][16:09:48] - mákos
[2025-01-08][08:42:48] - paprika
[2025-01-08][08:42:54] - paprika
[2025-01-08][08:42:54] - guba
[2025-01-09][10:41:28] - pizza
[2025-01-09][18:09:32] - banán
[2025-01-14][09:21:37] - gyros
[2025-01-14][09:21:51] - gyros
[2025-01-14][09:24:22] - gyros
[2025-01-14][09:26:09] - gyros
[2025-01-14][09:26:16] - Mézes
[2025-01-14][09:27:27] - Mézes
[2025-01-14][09:27:42] - kenyér
[2025-01-14][09:27:47] - kenyér
[2025-01-14][09:27:47] - mákos
[2025-01-14][09:28:03] - mákos
[2025-01-14][09:28:03] - mákos
[2025-01-14][09:28:09] - mákos
[2025-01-14][09:28:09] - banán
[2025-01-14][13:06:11] - krém
[2025-01-16][19:32:35] - chili
[2025-01-17][17:10:28] - gyros
[2025-01-17][17:21:02] - gyors
[2025-01-17][17:21:22] - Gyros
[2025-01-17][17:21:25] - Gyros
[2025-01-17][17:21:25] - gyros
[2025-01-17][17:21:35] - gyros
[2025-01-17][17:21:35] - leves
[2025-01-20][09:05:24] - mézes
[2025-02-11][12:07:59] - Makos
[2025-02-11][13:30:16] - leves
[2025-02-11][18:38:05] - mákos
[2025-02-11][18:38:09] - mákos
[2025-02-11][18:38:14] - mákos
[2025-02-11][18:38:19] - mákos
[2025-02-11][18:45:19] - asd
[2025-02-11][18:45:22] - asd
[2025-02-11][18:45:45] - asd
[2025-02-11][18:45:56] - asd
[2025-02-11][18:46:02] - asd
[2025-02-11][18:47:34] - asd
[2025-02-11][18:47:38] - asd
[2025-02-11][18:48:37] - asd
[2025-02-11][18:48:40] - asd
[2025-02-11][18:50:54] - asd
[2025-02-11][18:51:14] - asd
[2025-02-11][18:51:18] - asd
[2025-02-11][18:51:23] - asd
[2025-02-11][18:51:54] - asd
[2025-02-11][18:51:57] - asd
[2025-02-11][18:52:00] - asd
[2025-02-11][18:52:03] - asd
[2025-02-11][18:54:57] - asd
[2025-02-11][19:11:27] - palacsinta
[2025-02-11][19:11:30] - palacsinta
[2025-02-11][19:11:34] - palacsinta
[2025-02-11][19:11:38] - palacsinta
[2025-02-11][19:11:40] - palacsinta
[2025-02-11][19:12:06] - palacsinta
[2025-02-11][19:29:09] - csokis
[2025-02-11][19:29:18] - csokis
[2025-02-11][19:29:27] - csokis
[2025-02-11][19:45:55] - mákos
[2025-02-11][19:46:05] - mákos
[2025-02-11][19:46:24] - mákos
[2025-02-11][19:46:44] - mákos
[2025-02-11][19:46:54] - mákos
[2025-02-11][19:46:58] - mákos
[2025-02-11][19:47:07] - mákos
[2025-02-11][19:47:10] - mákos
